<?xml version="1.0" encoding="UTF-8"?>
<!-- Generated by org.testng.reporters.JUnitReportReporter -->
<testsuite hostname="HYD-5CG0262H0J" failures="0" tests="2" name="com.amazon.testcases.TC_RegisterTest" time="22.015" errors="0" timestamp="2023-11-24T11:53:39 IST" skipped="0">
  <testcase classname="com.amazon.testcases.TC_RegisterTest" name="testNewRegistrationWithMobileNumber" time="9.768"/>
  <system-out/>
  <testcase classname="com.amazon.testcases.TC_RegisterTest" name="testNewRegistrationWithEmail" time="12.247"/>
  <system-out/>
</testsuite> <!-- com.amazon.testcases.TC_RegisterTest -->
