<?xml version="1.0" encoding="UTF-8"?>
<!-- Generated by org.testng.reporters.JUnitReportReporter -->
<testsuite hostname="HYD-5CG0262H0J" failures="0" tests="3" name="com.amazon.testcases.TC_CartFunctionalityTest" time="73.833" errors="0" timestamp="2023-11-24T11:53:39 IST" skipped="0">
  <testcase classname="com.amazon.testcases.TC_CartFunctionalityTest" name="testAddToCart" time="37.273"/>
  <system-out/>
  <testcase classname="com.amazon.testcases.TC_CartFunctionalityTest" name="testRemoveFromCart" time="0.042"/>
  <system-out/>
  <testcase classname="com.amazon.testcases.TC_CartFunctionalityTest" name="testAddToCartUs" time="36.518"/>
  <system-out/>
</testsuite> <!-- com.amazon.testcases.TC_CartFunctionalityTest -->
