<?xml version="1.0" encoding="UTF-8"?>
<!-- Generated by org.testng.reporters.JUnitReportReporter -->
<testsuite hostname="HYD-5CG0262H0J" failures="0" tests="1" name="com.amazon.testcases.TC_LoginTest" time="13.770" errors="0" timestamp="2023-11-30T15:34:38 IST" skipped="0">
  <testcase classname="com.amazon.testcases.TC_LoginTest" name="testLogin" time="13.770"/>
  <system-out/>
</testsuite> <!-- com.amazon.testcases.TC_LoginTest -->
