<?xml version="1.0" encoding="UTF-8"?>
<!-- Generated by org.testng.reporters.JUnitReportReporter -->
<testsuite hostname="HYD-5CG0262H0J" failures="0" tests="1" name="com.amazon.testcases.TC_RegisterWithMobileNumber" time="13.571" errors="0" timestamp="2023-11-12T18:08:36 IST" skipped="0">
  <testcase classname="com.amazon.testcases.TC_RegisterWithMobileNumber" name="testNewRegistrationWithMobileNumber" time="13.571"/>
  <system-out/>
</testsuite> <!-- com.amazon.testcases.TC_RegisterWithMobileNumber -->
