<?xml version="1.0" encoding="UTF-8"?>
<!-- Generated by org.testng.reporters.JUnitReportReporter -->
<testsuite hostname="HYD-5CG0262H0J" failures="0" tests="1" name="com.amazon.testcases.TC_SearchTest" time="28.825" errors="0" timestamp="2023-11-21T12:27:17 IST" skipped="0">
  <testcase classname="com.amazon.testcases.TC_SearchTest" name="testSearchProduct" time="28.825"/>
  <system-out/>
</testsuite> <!-- com.amazon.testcases.TC_SearchTest -->
