<?xml version="1.0" encoding="UTF-8"?>
<!-- Generated by org.testng.reporters.JUnitReportReporter -->
<testsuite hostname="HYD-5CG0262H0J" failures="0" tests="4" name="com.amazon.testcases.TC_LoginTest" time="55.390" errors="0" timestamp="2023-11-12T23:35:23 IST" skipped="0">
  <testcase classname="com.amazon.testcases.TC_LoginTest" name="testLoginDDT" time="3.942"/>
  <system-out/>
  <testcase classname="com.amazon.testcases.TC_LoginTest" name="testLoginDDT" time="35.989"/>
  <system-out/>
  <testcase classname="com.amazon.testcases.TC_LoginTest" name="testLoginDDT" time="11.511"/>
  <system-out/>
  <testcase classname="com.amazon.testcases.TC_LoginTest" name="testLoginDDT" time="3.948"/>
  <system-out/>
</testsuite> <!-- com.amazon.testcases.TC_LoginTest -->
