<?xml version="1.0" encoding="UTF-8"?>
<!-- Generated by org.testng.reporters.JUnitReportReporter -->
<testsuite hostname="HYD-5CG0262H0J" failures="0" tests="1" name="com.amazon.testcases.TC_CartFunctionalityTest" time="38.637" errors="0" timestamp="2023-11-16T20:38:10 IST" skipped="0">
  <testcase classname="com.amazon.testcases.TC_CartFunctionalityTest" name="testAddToCart" time="38.637"/>
  <system-out/>
</testsuite> <!-- com.amazon.testcases.TC_CartFunctionalityTest -->
