<?xml version="1.0" encoding="UTF-8"?>
<!-- Generated by org.testng.reporters.JUnitReportReporter -->
<testsuite hostname="HYD-5CG0262H0J" failures="0" tests="5" name="com.amazon.testcases.TC_LoginTest" time="44.614" errors="0" timestamp="2023-11-24T11:53:39 IST" skipped="0">
  <testcase classname="com.amazon.testcases.TC_LoginTest" name="testLogin" time="11.805"/>
  <system-out/>
  <testcase classname="com.amazon.testcases.TC_LoginTest" name="testLoginDDT" time="5.049"/>
  <system-out/>
  <testcase classname="com.amazon.testcases.TC_LoginTest" name="testLoginDDT" time="16.184"/>
  <system-out/>
  <testcase classname="com.amazon.testcases.TC_LoginTest" name="testLoginDDT" time="6.559"/>
  <system-out/>
  <testcase classname="com.amazon.testcases.TC_LoginTest" name="testLoginDDT" time="5.017"/>
  <system-out/>
</testsuite> <!-- com.amazon.testcases.TC_LoginTest -->
