<?xml version="1.0" encoding="UTF-8"?>
<!-- Generated by org.testng.reporters.JUnitReportReporter -->
<testsuite hostname="HYD-5CG0262H0J" failures="0" tests="1" name="com.amazon.testcases.TC_RegisterTest" time="8.985" errors="0" timestamp="2023-11-13T12:37:42 IST" skipped="0">
  <testcase classname="com.amazon.testcases.TC_RegisterTest" name="testNewRegistrationWithEmail" time="8.985"/>
  <system-out/>
</testsuite> <!-- com.amazon.testcases.TC_RegisterTest -->
