<?xml version="1.0" encoding="UTF-8"?>
<!-- Generated by org.testng.reporters.JUnitReportReporter -->
<testsuite hostname="HYD-5CG0262H0J" failures="0" tests="2" name="com.amazon.testcases.TC_CartFunctionalityTest" time="40.173" errors="0" timestamp="2023-11-21T13:18:09 IST" skipped="0">
  <testcase classname="com.amazon.testcases.TC_CartFunctionalityTest" name="testAddToCart" time="40.095"/>
  <system-out/>
  <testcase classname="com.amazon.testcases.TC_CartFunctionalityTest" name="testRemoveFromCart" time="0.078"/>
  <system-out/>
</testsuite> <!-- com.amazon.testcases.TC_CartFunctionalityTest -->
