<?xml version="1.0" encoding="UTF-8"?>
<!-- Generated by org.testng.reporters.JUnitReportReporter -->
<testsuite hostname="HYD-5CG0262H0J" failures="0" tests="1" name="com.amazon.testcases.TC_SearchTest" time="39.777" errors="0" timestamp="2023-11-14T12:10:42 IST" skipped="0">
  <testcase classname="com.amazon.testcases.TC_SearchTest" name="testSearchProduct" time="39.777"/>
  <system-out/>
</testsuite> <!-- com.amazon.testcases.TC_SearchTest -->
