<?xml version="1.0" encoding="UTF-8"?>
<!-- Generated by org.testng.reporters.JUnitReportReporter -->
<testsuite hostname="HYD-5CG0262H0J" failures="0" tests="5" name="com.amazon.testcases.TC_LoginTest" time="37.097" errors="0" timestamp="2023-11-14T13:42:18 IST" skipped="0">
  <testcase classname="com.amazon.testcases.TC_LoginTest" name="testLoginDDT" time="5.170"/>
  <system-out/>
  <testcase classname="com.amazon.testcases.TC_LoginTest" name="testLogin" time="10.682"/>
  <system-out/>
  <testcase classname="com.amazon.testcases.TC_LoginTest" name="testLoginDDT" time="4.010"/>
  <system-out/>
  <testcase classname="com.amazon.testcases.TC_LoginTest" name="testLoginDDT" time="13.102"/>
  <system-out/>
  <testcase classname="com.amazon.testcases.TC_LoginTest" name="testLoginDDT" time="4.133"/>
  <system-out/>
</testsuite> <!-- com.amazon.testcases.TC_LoginTest -->
