<?xml version="1.0" encoding="UTF-8"?>
<!-- Generated by org.testng.reporters.JUnitReportReporter -->
<testsuite hostname="HYD-5CG0262H0J" failures="0" tests="2" name="com.amazon.testcases.TC_RegisterWithEmail" time="27.907" errors="0" timestamp="2023-11-12T18:14:57 IST" skipped="0">
  <testcase classname="com.amazon.testcases.TC_RegisterWithEmail" name="testNewRegistrationWithMobileNumber" time="13.779"/>
  <system-out/>
  <testcase classname="com.amazon.testcases.TC_RegisterWithEmail" name="testNewRegistrationWithEmail" time="14.128"/>
  <system-out/>
</testsuite> <!-- com.amazon.testcases.TC_RegisterWithEmail -->
