<?xml version="1.0" encoding="UTF-8"?>
<!-- Generated by org.testng.reporters.JUnitReportReporter -->
<testsuite hostname="HYD-5CG0262H0J" failures="0" tests="1" name="com.amazon.testcases.TC_LoginTest" time="15.041" errors="0" timestamp="2023-11-23T17:23:41 IST" skipped="0">
  <testcase classname="com.amazon.testcases.TC_LoginTest" name="testLogin" time="15.041"/>
  <system-out/>
</testsuite> <!-- com.amazon.testcases.TC_LoginTest -->
