<?xml version="1.0" encoding="UTF-8"?>
<!-- Generated by org.testng.reporters.JUnitReportReporter -->
<testsuite hostname="HYD-5CG0262H0J" failures="0" tests="3" name="com.amazon.testcases.TC_DataBaseTest" time="0.712" errors="0" timestamp="2023-11-23T23:22:30 IST" skipped="1">
  <testcase classname="com.amazon.testcases.TC_DataBaseTest" name="testMostSoldOutProductQuery" time="0.006"/>
  <system-out/>
  <testcase classname="com.amazon.testcases.TC_DataBaseTest" name="testMaxPriceQuery" time="0.706"/>
  <system-out/>
  <testcase classname="com.amazon.testcases.TC_DataBaseTest" name="testDisplayOrderList">
    <skipped/>
  </testcase> <!-- testDisplayOrderList -->
  <system-out/>
</testsuite> <!-- com.amazon.testcases.TC_DataBaseTest -->
