<?xml version="1.0" encoding="UTF-8"?>
<!-- Generated by org.testng.reporters.JUnitReportReporter -->
<testsuite hostname="HYD-5CG0262H0J" failures="0" tests="1" name="com.amazon.testcases.TC_LoginTest" time="29.899" errors="0" timestamp="2023-11-13T18:29:15 IST" skipped="0">
  <testcase classname="com.amazon.testcases.TC_LoginTest" name="testLogin" time="29.899"/>
  <system-out/>
</testsuite> <!-- com.amazon.testcases.TC_LoginTest -->
