<?xml version="1.0" encoding="UTF-8"?>
<!-- Generated by org.testng.reporters.JUnitReportReporter -->
<testsuite hostname="HYD-5CG0262H0J" failures="0" tests="2" name="com.amazon.testcases.TC_RegisterTest" time="21.404" errors="0" timestamp="2023-11-21T11:46:16 IST" skipped="0">
  <testcase classname="com.amazon.testcases.TC_RegisterTest" name="testNewRegistrationWithEmail" time="11.778"/>
  <system-out/>
  <testcase classname="com.amazon.testcases.TC_RegisterTest" name="testNewRegistrationWithMobileNumber" time="9.626"/>
  <system-out/>
</testsuite> <!-- com.amazon.testcases.TC_RegisterTest -->
