<?xml version="1.0" encoding="UTF-8"?>
<!-- Generated by org.testng.reporters.JUnitReportReporter -->
<testsuite hostname="HYD-5CG0262H0J" failures="0" tests="1" name="com.amazon.testcases.TC_CheckOutTest" time="83.698" errors="0" timestamp="2023-11-23T20:50:08 IST" skipped="0">
  <testcase classname="com.amazon.testcases.TC_CheckOutTest" name="testCheckOut" time="83.698"/>
  <system-out/>
</testsuite> <!-- com.amazon.testcases.TC_CheckOutTest -->
